<?xml version="1.0" encoding="UTF-8"?>
<testsuite xmlns:xsi="http://www.w3.org/2001/XMLSchema-instance" xsi:noNamespaceSchemaLocation="https://maven.apache.org/surefire/maven-surefire-plugin/xsd/surefire-test-report.xsd" name="se.kth.iv1350.POS.controller.ControllerTest" time="0.024" tests="7" errors="0" skipped="0" failures="0">
  <properties>
[...]
</properties>
  <testcase name="testEndSale" classname="se.kth.iv1350.POS.controller.ControllerTest" time="0.019"/>
  <testcase name="testGetItemByID" classname="se.kth.iv1350.POS.controller.ControllerTest" time="0"/>
  <testcase name="testStartSale" classname="se.kth.iv1350.POS.controller.ControllerTest" time="0"/>
  <testcase name="testGetSale" classname="se.kth.iv1350.POS.controller.ControllerTest" time="0.001"/>
  <testcase name="testAddItemToSale" classname="se.kth.iv1350.POS.controller.ControllerTest" time="0"/>
  <testcase name="testCompleteSale" classname="se.kth.iv1350.POS.controller.ControllerTest" time="0"/>
  <testcase name="testAddItemToSale_ItemNotFound" classname="se.kth.iv1350.POS.controller.ControllerTest" time="0"/>
</testsuite>